<?xml version="1.0" encoding="UTF-8"?>
<testsuite name="ArmstrongNumbersTest" tests="9" skipped="0" failures="0" errors="0" timestamp="2026-08-20T06:19:25.717Z" hostname="CHTHOLLY" time="0.055">
  <properties/>
  <testcase name="Three-digit number that is not an Armstrong number" classname="ArmstrongNumbersTest" time="0.035"/>
  <testcase name="Seven-digit number that is not an Armstrong number" classname="ArmstrongNumbersTest" time="0.001"/>
  <testcase name="There are no two-digit Armstrong numbers" classname="ArmstrongNumbersTest" time="0.001"/>
  <testcase name="Single-digit numbers are Armstrong numbers" classname="ArmstrongNumbersTest" time="0.001"/>
  <testcase name="Zero is an Armstrong number" classname="ArmstrongNumbersTest" time="0.0"/>
  <testcase name="Seven-digit number that is an Armstrong number" classname="ArmstrongNumbersTest" time="0.0"/>
  <testcase name="Four-digit number that is not an Armstrong number" classname="ArmstrongNumbersTest" time="0.0"/>
  <testcase name="Four-digit number that is an Armstrong number" classname="ArmstrongNumbersTest" time="0.001"/>
  <testcase name="Three-digit number that is an Armstrong number" classname="ArmstrongNumbersTest" time="0.001"/>
  <system-out><![CDATA[]]></system-out>
  <system-err><![CDATA[]]></system-err>
</testsuite>
