<?xml version="1.0" encoding="UTF-8"?>
<testsuite name="TwoferTest" tests="3" skipped="0" failures="0" errors="0" timestamp="2026-08-13T07:07:48.224Z" hostname="CHTHOLLY" time="0.058">
  <properties/>
  <testcase name="no name given" classname="TwoferTest" time="0.039"/>
  <testcase name="a name given" classname="TwoferTest" time="0.003"/>
  <testcase name="another name given" classname="TwoferTest" time="0.001"/>
  <system-out><![CDATA[]]></system-out>
  <system-err><![CDATA[]]></system-err>
</testsuite>
